<?xml version="1.0" encoding="UTF-8"?>
<testng-results ignored="0" total="1" passed="1" failed="0" skipped="0">
  <reporter-output>
  </reporter-output>
  <suite started-at="2018-09-12T13:07:07Z" name="Default suite" finished-at="2018-09-12T13:07:58Z" duration-ms="50825">
    <groups>
    </groups>
    <test started-at="2018-09-12T13:07:07Z" name="Default test" finished-at="2018-09-12T13:07:58Z" duration-ms="50825">
      <class name="testcases.NewTest">
        <test-method is-config="true" signature="beforeMethod()[pri:0, instance:testcases.NewTest@7a675056]" started-at="2018-09-12T13:07:07Z" name="beforeMethod" finished-at="2018-09-12T13:07:42Z" duration-ms="34566" status="PASS">
          <reporter-output>
          </reporter-output>
        </test-method> <!-- beforeMethod -->
        <test-method signature="f()[pri:0, instance:testcases.NewTest@7a675056]" started-at="2018-09-12T13:07:42Z" name="f" finished-at="2018-09-12T13:07:57Z" duration-ms="15099" status="PASS">
          <reporter-output>
          </reporter-output>
        </test-method> <!-- f -->
        <test-method is-config="true" signature="afterMethod()[pri:0, instance:testcases.NewTest@7a675056]" started-at="2018-09-12T13:07:57Z" name="afterMethod" finished-at="2018-09-12T13:07:58Z" duration-ms="1058" status="PASS">
          <reporter-output>
          </reporter-output>
        </test-method> <!-- afterMethod -->
      </class> <!-- testcases.NewTest -->
    </test> <!-- Default test -->
  </suite> <!-- Default suite -->
</testng-results>
